<?xml version="1.0" encoding="UTF-8"?>
<coverage generated="1633168046825" clover="3.2.0">
  <project timestamp="1633168046825" name="All files">
    <metrics statements="29" coveredstatements="27" conditionals="20" coveredconditionals="20" methods="16" coveredmethods="14" elements="65" coveredelements="61" complexity="0" loc="29" ncloc="29" packages="1" files="4" classes="4"/>
    <file name="FormComponent.vue" path="/home/frederick/Documents/Frederick-Developer-Explore/vue-unit-testing/src/components/FormComponent.vue">
      <metrics statements="4" coveredstatements="4" conditionals="4" coveredconditionals="4" methods="4" coveredmethods="4"/>
      <line num="43" count="4" type="stmt"/>
      <line num="56" count="7" type="cond" truecount="2" falsecount="0"/>
      <line num="59" count="7" type="cond" truecount="2" falsecount="0"/>
      <line num="64" count="3" type="stmt"/>
    </file>
    <file name="FormComponentWithApi.vue" path="/home/frederick/Documents/Frederick-Developer-Explore/vue-unit-testing/src/components/FormComponentWithApi.vue">
      <metrics statements="10" coveredstatements="8" conditionals="0" coveredconditionals="0" methods="7" coveredmethods="5"/>
      <line num="24" count="1" type="stmt"/>
      <line num="29" count="3" type="stmt"/>
      <line num="35" count="3" type="stmt"/>
      <line num="36" count="3" type="stmt"/>
      <line num="40" count="3" type="stmt"/>
      <line num="41" count="0" type="stmt"/>
      <line num="46" count="1" type="stmt"/>
      <line num="47" count="1" type="stmt"/>
      <line num="56" count="1" type="stmt"/>
      <line num="57" count="0" type="stmt"/>
    </file>
    <file name="GlobalInput.vue" path="/home/frederick/Documents/Frederick-Developer-Explore/vue-unit-testing/src/components/GlobalInput.vue">
      <metrics statements="14" coveredstatements="14" conditionals="16" coveredconditionals="16" methods="4" coveredmethods="4"/>
      <line num="71" count="17" type="stmt"/>
      <line num="73" count="18" type="cond" truecount="2" falsecount="0"/>
      <line num="74" count="18" type="cond" truecount="2" falsecount="0"/>
      <line num="75" count="19" type="cond" truecount="2" falsecount="0"/>
      <line num="76" count="19" type="cond" truecount="2" falsecount="0"/>
      <line num="77" count="19" type="cond" truecount="2" falsecount="0"/>
      <line num="79" count="17" type="stmt"/>
      <line num="83" count="3" type="stmt"/>
      <line num="85" count="4" type="cond" truecount="2" falsecount="0"/>
      <line num="86" count="4" type="cond" truecount="2" falsecount="0"/>
      <line num="87" count="4" type="cond" truecount="2" falsecount="0"/>
      <line num="89" count="3" type="stmt"/>
      <line num="95" count="1" type="stmt"/>
      <line num="99" count="1" type="stmt"/>
    </file>
    <file name="Increment.vue" path="/home/frederick/Documents/Frederick-Developer-Explore/vue-unit-testing/src/components/Increment.vue">
      <metrics statements="1" coveredstatements="1" conditionals="0" coveredconditionals="0" methods="1" coveredmethods="1"/>
      <line num="17" count="1" type="stmt"/>
    </file>
  </project>
</coverage>
