{"/home/frederick/Documents/Frederick-Developer-Explore/vue-unit-testing/src/components/FormComponent.vue": {"path":"/home/frederick/Documents/Frederick-Developer-Explore/vue-unit-testing/src/components/FormComponent.vue","statementMap":{"0":{"start":{"line":43,"column":0},"end":{"line":43,"column":null}},"1":{"start":{"line":56,"column":0},"end":{"line":56,"column":null}},"2":{"start":{"line":59,"column":0},"end":{"line":59,"column":null}},"3":{"start":{"line":64,"column":0},"end":{"line":64,"column":null}}},"fnMap":{"0":{"name":"(anonymous_1)","decl":{"start":{"line":42,"column":0},"end":{"line":42,"column":null}},"loc":{"start":{"line":42,"column":0},"end":{"line":53,"column":null}}},"1":{"name":"(anonymous_2)","decl":{"start":{"line":55,"column":0},"end":{"line":55,"column":null}},"loc":{"start":{"line":55,"column":0},"end":{"line":57,"column":null}}},"2":{"name":"(anonymous_3)","decl":{"start":{"line":58,"column":0},"end":{"line":58,"column":null}},"loc":{"start":{"line":58,"column":0},"end":{"line":60,"column":null}}},"3":{"name":"(anonymous_4)","decl":{"start":{"line":63,"column":0},"end":{"line":63,"column":null}},"loc":{"start":{"line":63,"column":0},"end":{"line":68,"column":null}}}},"branchMap":{"0":{"loc":{"start":{"line":56,"column":0},"end":{"line":56,"column":null}},"type":"binary-expr","locations":[{"start":{"line":56,"column":0},"end":{"line":56,"column":null}},{"start":{"line":56,"column":0},"end":{"line":56,"column":null}}]},"1":{"loc":{"start":{"line":59,"column":0},"end":{"line":59,"column":null}},"type":"cond-expr","locations":[{"start":{"line":59,"column":0},"end":{"line":59,"column":null}},{"start":{"line":59,"column":0},"end":{"line":59,"column":null}}]}},"s":{"0":4,"1":7,"2":7,"3":3},"f":{"0":4,"1":7,"2":7,"3":3},"b":{"0":[7,4],"1":[4,3]}}
,"/home/frederick/Documents/Frederick-Developer-Explore/vue-unit-testing/src/components/FormComponentWithApi.vue": {"path":"/home/frederick/Documents/Frederick-Developer-Explore/vue-unit-testing/src/components/FormComponentWithApi.vue","statementMap":{"0":{"start":{"line":24,"column":0},"end":{"line":24,"column":null}},"1":{"start":{"line":29,"column":0},"end":{"line":29,"column":null}},"2":{"start":{"line":35,"column":0},"end":{"line":35,"column":null}},"3":{"start":{"line":36,"column":0},"end":{"line":41,"column":null}},"4":{"start":{"line":40,"column":0},"end":{"line":40,"column":null}},"5":{"start":{"line":41,"column":0},"end":{"line":41,"column":null}},"6":{"start":{"line":46,"column":0},"end":{"line":46,"column":null}},"7":{"start":{"line":47,"column":0},"end":{"line":57,"column":null}},"8":{"start":{"line":56,"column":0},"end":{"line":56,"column":null}},"9":{"start":{"line":57,"column":0},"end":{"line":57,"column":null}}},"fnMap":{"0":{"name":"(anonymous_2)","decl":{"start":{"line":28,"column":0},"end":{"line":28,"column":null}},"loc":{"start":{"line":28,"column":0},"end":{"line":33,"column":null}}},"1":{"name":"(anonymous_3)","decl":{"start":{"line":34,"column":0},"end":{"line":34,"column":null}},"loc":{"start":{"line":34,"column":0},"end":{"line":43,"column":null}}},"2":{"name":"(anonymous_4)","decl":{"start":{"line":36,"column":0},"end":{"line":36,"column":null}},"loc":{"start":{"line":36,"column":0},"end":{"line":41,"column":null}}},"3":{"name":"(anonymous_5)","decl":{"start":{"line":41,"column":0},"end":{"line":41,"column":null}},"loc":{"start":{"line":41,"column":0},"end":{"line":41,"column":null}}},"4":{"name":"(anonymous_6)","decl":{"start":{"line":45,"column":0},"end":{"line":45,"column":null}},"loc":{"start":{"line":45,"column":0},"end":{"line":59,"column":null}}},"5":{"name":"(anonymous_7)","decl":{"start":{"line":47,"column":0},"end":{"line":47,"column":null}},"loc":{"start":{"line":47,"column":0},"end":{"line":57,"column":null}}},"6":{"name":"(anonymous_8)","decl":{"start":{"line":57,"column":0},"end":{"line":57,"column":null}},"loc":{"start":{"line":57,"column":0},"end":{"line":57,"column":null}}}},"branchMap":{},"s":{"0":1,"1":3,"2":3,"3":3,"4":3,"5":0,"6":1,"7":1,"8":1,"9":0},"f":{"0":3,"1":3,"2":3,"3":0,"4":1,"5":1,"6":0},"b":{}}
,"/home/frederick/Documents/Frederick-Developer-Explore/vue-unit-testing/src/components/GlobalInput.vue": {"path":"/home/frederick/Documents/Frederick-Developer-Explore/vue-unit-testing/src/components/GlobalInput.vue","statementMap":{"0":{"start":{"line":71,"column":0},"end":{"line":71,"column":null}},"1":{"start":{"line":73,"column":0},"end":{"line":73,"column":null}},"2":{"start":{"line":74,"column":0},"end":{"line":74,"column":null}},"3":{"start":{"line":75,"column":0},"end":{"line":75,"column":null}},"4":{"start":{"line":76,"column":0},"end":{"line":76,"column":null}},"5":{"start":{"line":77,"column":0},"end":{"line":77,"column":null}},"6":{"start":{"line":79,"column":0},"end":{"line":79,"column":null}},"7":{"start":{"line":83,"column":0},"end":{"line":83,"column":null}},"8":{"start":{"line":85,"column":0},"end":{"line":85,"column":null}},"9":{"start":{"line":86,"column":0},"end":{"line":86,"column":null}},"10":{"start":{"line":87,"column":0},"end":{"line":87,"column":null}},"11":{"start":{"line":89,"column":0},"end":{"line":89,"column":null}},"12":{"start":{"line":95,"column":0},"end":{"line":95,"column":null}},"13":{"start":{"line":99,"column":0},"end":{"line":99,"column":null}}},"fnMap":{"0":{"name":"(anonymous_1)","decl":{"start":{"line":70,"column":0},"end":{"line":70,"column":null}},"loc":{"start":{"line":70,"column":0},"end":{"line":80,"column":null}}},"1":{"name":"(anonymous_2)","decl":{"start":{"line":82,"column":0},"end":{"line":82,"column":null}},"loc":{"start":{"line":82,"column":0},"end":{"line":90,"column":null}}},"2":{"name":"(anonymous_3)","decl":{"start":{"line":94,"column":0},"end":{"line":94,"column":null}},"loc":{"start":{"line":94,"column":0},"end":{"line":96,"column":null}}},"3":{"name":"(anonymous_4)","decl":{"start":{"line":98,"column":0},"end":{"line":98,"column":null}},"loc":{"start":{"line":98,"column":0},"end":{"line":100,"column":null}}}},"branchMap":{"0":{"loc":{"start":{"line":73,"column":0},"end":{"line":73,"column":null}},"type":"if","locations":[{"start":{"line":73,"column":0},"end":{"line":73,"column":null}},{"start":{"line":73,"column":0},"end":{"line":73,"column":null}}]},"1":{"loc":{"start":{"line":74,"column":0},"end":{"line":74,"column":null}},"type":"if","locations":[{"start":{"line":74,"column":0},"end":{"line":74,"column":null}},{"start":{"line":74,"column":0},"end":{"line":74,"column":null}}]},"2":{"loc":{"start":{"line":75,"column":0},"end":{"line":75,"column":null}},"type":"if","locations":[{"start":{"line":75,"column":0},"end":{"line":75,"column":null}},{"start":{"line":75,"column":0},"end":{"line":75,"column":null}}]},"3":{"loc":{"start":{"line":76,"column":0},"end":{"line":76,"column":null}},"type":"if","locations":[{"start":{"line":76,"column":0},"end":{"line":76,"column":null}},{"start":{"line":76,"column":0},"end":{"line":76,"column":null}}]},"4":{"loc":{"start":{"line":77,"column":0},"end":{"line":77,"column":null}},"type":"if","locations":[{"start":{"line":77,"column":0},"end":{"line":77,"column":null}},{"start":{"line":77,"column":0},"end":{"line":77,"column":null}}]},"5":{"loc":{"start":{"line":85,"column":0},"end":{"line":85,"column":null}},"type":"if","locations":[{"start":{"line":85,"column":0},"end":{"line":85,"column":null}},{"start":{"line":85,"column":0},"end":{"line":85,"column":null}}]},"6":{"loc":{"start":{"line":86,"column":0},"end":{"line":86,"column":null}},"type":"if","locations":[{"start":{"line":86,"column":0},"end":{"line":86,"column":null}},{"start":{"line":86,"column":0},"end":{"line":86,"column":null}}]},"7":{"loc":{"start":{"line":87,"column":0},"end":{"line":87,"column":null}},"type":"if","locations":[{"start":{"line":87,"column":0},"end":{"line":87,"column":null}},{"start":{"line":87,"column":0},"end":{"line":87,"column":null}}]}},"s":{"0":17,"1":18,"2":18,"3":19,"4":19,"5":19,"6":17,"7":3,"8":4,"9":4,"10":4,"11":3,"12":1,"13":1},"f":{"0":17,"1":3,"2":1,"3":1},"b":{"0":[1,16],"1":[1,16],"2":[2,15],"3":[2,15],"4":[2,15],"5":[1,2],"6":[1,2],"7":[1,2]}}
,"/home/frederick/Documents/Frederick-Developer-Explore/vue-unit-testing/src/components/Increment.vue": {"path":"/home/frederick/Documents/Frederick-Developer-Explore/vue-unit-testing/src/components/Increment.vue","statementMap":{"0":{"start":{"line":17,"column":0},"end":{"line":17,"column":null}}},"fnMap":{"0":{"name":"(anonymous_1)","decl":{"start":{"line":16,"column":0},"end":{"line":16,"column":null}},"loc":{"start":{"line":16,"column":0},"end":{"line":20,"column":null}}}},"branchMap":{},"s":{"0":1},"f":{"0":1},"b":{}}
}
