TN:
SF:/home/frederick/Documents/Frederick-Developer-Explore/vue-unit-testing/src/components/FormComponent.vue
FN:42,(anonymous_1)
FN:55,(anonymous_2)
FN:58,(anonymous_3)
FN:63,(anonymous_4)
FNF:4
FNH:4
FNDA:4,(anonymous_1)
FNDA:7,(anonymous_2)
FNDA:7,(anonymous_3)
FNDA:3,(anonymous_4)
DA:43,4
DA:56,7
DA:59,7
DA:64,3
LF:4
LH:4
BRDA:56,0,0,7
BRDA:56,0,1,4
BRDA:59,1,0,4
BRDA:59,1,1,3
BRF:4
BRH:4
end_of_record
TN:
SF:/home/frederick/Documents/Frederick-Developer-Explore/vue-unit-testing/src/components/FormComponentWithApi.vue
FN:28,(anonymous_2)
FN:34,(anonymous_3)
FN:36,(anonymous_4)
FN:41,(anonymous_5)
FN:45,(anonymous_6)
FN:47,(anonymous_7)
FN:57,(anonymous_8)
FNF:7
FNH:5
FNDA:3,(anonymous_2)
FNDA:3,(anonymous_3)
FNDA:3,(anonymous_4)
FNDA:0,(anonymous_5)
FNDA:1,(anonymous_6)
FNDA:1,(anonymous_7)
FNDA:0,(anonymous_8)
DA:24,1
DA:29,3
DA:35,3
DA:36,3
DA:40,3
DA:41,0
DA:46,1
DA:47,1
DA:56,1
DA:57,0
LF:10
LH:8
BRF:0
BRH:0
end_of_record
TN:
SF:/home/frederick/Documents/Frederick-Developer-Explore/vue-unit-testing/src/components/GlobalInput.vue
FN:70,(anonymous_1)
FN:82,(anonymous_2)
FN:94,(anonymous_3)
FN:98,(anonymous_4)
FNF:4
FNH:4
FNDA:17,(anonymous_1)
FNDA:3,(anonymous_2)
FNDA:1,(anonymous_3)
FNDA:1,(anonymous_4)
DA:71,17
DA:73,18
DA:74,18
DA:75,19
DA:76,19
DA:77,19
DA:79,17
DA:83,3
DA:85,4
DA:86,4
DA:87,4
DA:89,3
DA:95,1
DA:99,1
LF:14
LH:14
BRDA:73,0,0,1
BRDA:73,0,1,16
BRDA:74,1,0,1
BRDA:74,1,1,16
BRDA:75,2,0,2
BRDA:75,2,1,15
BRDA:76,3,0,2
BRDA:76,3,1,15
BRDA:77,4,0,2
BRDA:77,4,1,15
BRDA:85,5,0,1
BRDA:85,5,1,2
BRDA:86,6,0,1
BRDA:86,6,1,2
BRDA:87,7,0,1
BRDA:87,7,1,2
BRF:16
BRH:16
end_of_record
TN:
SF:/home/frederick/Documents/Frederick-Developer-Explore/vue-unit-testing/src/components/Increment.vue
FN:16,(anonymous_1)
FNF:1
FNH:1
FNDA:1,(anonymous_1)
DA:17,1
LF:1
LH:1
BRF:0
BRH:0
end_of_record
